00|R|M|B|Q|K|
01|P|P|P|P|P|
02| | | | | |
03|p|p|p|p|p|
04|r|m|b|q|k|
  |a|b|c|d|e|

White played: (('e', 1), ('e', 2))
00|R|M|B|Q|K|
01|P|P|P|P| |
02| | | | |P|
03|p|p|p|p|p|
04|r|m|b|q|k|
  |a|b|c|d|e|

White played: (('e', 1), ('e', 2))
00|R|M|B|Q|K|
01|P|P|P|P| |
02| | | | |P|
03|p|p|p|p|p|
04|r|m|b|q|k|
  |a|b|c|d|e|

Black played: (d,3) (e,2)
00|R|M|B|Q|K|
01|P|P|P|P| |
02| | | | |p|
03|p|p|p| |p|
04|r|m|b|q|k|
  |a|b|c|d|e|

White played: (('d', 1), ('d', 2))
00|R|M|B|Q|K|
01|P|P|P| | |
02| | | |P|p|
03|p|p|p| |p|
04|r|m|b|q|k|
  |a|b|c|d|e|

Black played: (c,3) (d,2)
00|R|M|B|Q|K|
01|P|P|P| | |
02| | | |p|p|
03|p|p| | |p|
04|r|m|b|q|k|
  |a|b|c|d|e|

White played: (('c', 1), ('d', 2))
00|R|M|B|Q|K|
01|P|P| | | |
02| | | |P|p|
03|p|p| | |p|
04|r|m|b|q|k|
  |a|b|c|d|e|

Black played: (e,3) (d,2)
00|R|M|B|Q|K|
01|P|P| | | |
02| | | |p|p|
03|p|p| | | |
04|r|m|b|q|k|
  |a|b|c|d|e|

White played: (('b', 1), ('b', 2))
00|R|M|B|Q|K|
01|P| | | | |
02| |P| |p|p|
03|p|p| | | |
04|r|m|b|q|k|
  |a|b|c|d|e|

Black played: (a,3) (b,2)
00|R|M|B|Q|K|
01|P| | | | |
02| |p| |p|p|
03| |p| | | |
04|r|m|b|q|k|
  |a|b|c|d|e|

White played: (('c', 0), ('b', 1))
00|R|M| |Q|K|
01|P|B| | | |
02| |p| |p|p|
03| |p| | | |
04|r|m|b|q|k|
  |a|b|c|d|e|

Black played: (c,4) (d,3)
00|R|M| |Q|K|
01|P|B| | | |
02| |p| |p|p|
03| |p| |b| |
04|r|m| |q|k|
  |a|b|c|d|e|

White played: (('d', 0), ('d', 2))
00|R|M| | |K|
01|P|B| | | |
02| |p| |Q|p|
03| |p| |b| |
04|r|m| |q|k|
  |a|b|c|d|e|

Black played: (b,4) (c,2)
00|R|M| | |K|
01|P|B| | | |
02| |p|m|Q|p|
03| |p| |b| |
04|r| | |q|k|
  |a|b|c|d|e|

White played: (('a', 1), ('b', 2))
00|R|M| | |K|
01| |B| | | |
02| |P|m|Q|p|
03| |p| |b| |
04|r| | |q|k|
  |a|b|c|d|e|

Black played: (a,4) (c,4)
00|R|M| | |K|
01| |B| | | |
02| |P|m|Q|p|
03| |p| |b| |
04| | |r|q|k|
  |a|b|c|d|e|

White played: (('b', 0), ('a', 2))
00|R| | | |K|
01| |B| | | |
02|M|P|m|Q|p|
03| |p| |b| |
04| | |r|q|k|
  |a|b|c|d|e|

Black played: (b,3) (a,2)
00|R| | | |K|
01| |B| | | |
02|p|P|m|Q|p|
03| | | |b| |
04| | |r|q|k|
  |a|b|c|d|e|

White played: (('a', 0), ('a', 2))
00| | | | |K|
01| |B| | | |
02|R|P|m|Q|p|
03| | | |b| |
04| | |r|q|k|
  |a|b|c|d|e|

Black played: (c,4) (b,4)
00| | | | |K|
01| |B| | | |
02|R|P|m|Q|p|
03| | | |b| |
04| |r| |q|k|
  |a|b|c|d|e|

White played: (('b', 1), ('c', 2))
00| | | | |K|
01| | | | | |
02|R|P|B|Q|p|
03| | | |b| |
04| |r| |q|k|
  |a|b|c|d|e|

Black played: (e,2) (e,1)
00| | | | |K|
01| | | | |p|
02|R|P|B|Q| |
03| | | |b| |
04| |r| |q|k|
  |a|b|c|d|e|

White played: (('c', 2), ('d', 3))
00| | | | |K|
01| | | | |p|
02|R|P| |Q| |
03| | | |B| |
04| |r| |q|k|
  |a|b|c|d|e|

Black played: (d,4) (d,3)
00| | | | |K|
01| | | | |p|
02|R|P| |Q| |
03| | | |q| |
04| |r| | |k|
  |a|b|c|d|e|

White played: (('d', 2), ('e', 1))
00| | | | |K|
01| | | | |Q|
02|R|P| | | |
03| | | |q| |
04| |r| | |k|
  |a|b|c|d|e|

Black played: (d,3) (e,3)
00| | | | |K|
01| | | | |Q|
02|R|P| | | |
03| | | | |q|
04| |r| | |k|
  |a|b|c|d|e|

White played: (('e', 1), ('e', 3))
00| | | | |K|
01| | | | | |
02|R|P| | | |
03| | | | |Q|
04| |r| | |k|
  |a|b|c|d|e|

White played: (('e', 1), ('e', 3))
00| | | | |K|
01| | | | | |
02|R|P| | | |
03| | | | |Q|
04| |r| | |k|
  |a|b|c|d|e|

Black played: (e,4) (e,3)
00| | | | |K|
01| | | | | |
02|R|P| | | |
03| | | | |k|
04| |r| | | |
  |a|b|c|d|e|

White played: (('a', 2), ('a', 1))
00| | | | |K|
01|R| | | | |
02| |P| | | |
03| | | | |k|
04| |r| | | |
  |a|b|c|d|e|

Black played: (e,3) (d,2)
00| | | | |K|
01|R| | | | |
02| |P| |k| |
03| | | | | |
04| |r| | | |
  |a|b|c|d|e|

White played: (('a', 1), ('d', 1))
00| | | | |K|
01| | | |R| |
02| |P| |k| |
03| | | | | |
04| |r| | | |
  |a|b|c|d|e|

Black played: (d,2) (e,3)
00| | | | |K|
01| | | |R| |
02| |P| | | |
03| | | | |k|
04| |r| | | |
  |a|b|c|d|e|

White played: (('e', 0), ('d', 0))
00| | | |K| |
01| | | |R| |
02| |P| | | |
03| | | | |k|
04| |r| | | |
  |a|b|c|d|e|

Black played: (e,3) (e,4)
00| | | |K| |
01| | | |R| |
02| |P| | | |
03| | | | | |
04| |r| | |k|
  |a|b|c|d|e|

White played: (('d', 1), ('e', 1))
00| | | |K| |
01| | | | |R|
02| |P| | | |
03| | | | | |
04| |r| | |k|
  |a|b|c|d|e|

Black played: (e,4) (d,4)
00| | | |K| |
01| | | | |R|
02| |P| | | |
03| | | | | |
04| |r| |k| |
  |a|b|c|d|e|

White played: (('e', 1), ('d', 1))
00| | | |K| |
01| | | |R| |
02| |P| | | |
03| | | | | |
04| |r| |k| |
  |a|b|c|d|e|

Black played: (d,4) (c,4)
00| | | |K| |
01| | | |R| |
02| |P| | | |
03| | | | | |
04| |r|k| | |
  |a|b|c|d|e|

White played: (('b', 2), ('b', 3))
00| | | |K| |
01| | | |R| |
02| | | | | |
03| |P| | | |
04| |r|k| | |
  |a|b|c|d|e|

Black played: (c,4) (b,3)
00| | | |K| |
01| | | |R| |
02| | | | | |
03| |k| | | |
04| |r| | | |
  |a|b|c|d|e|

White played: (('d', 1), ('b', 1))
00| | | |K| |
01| |R| | | |
02| | | | | |
03| |k| | | |
04| |r| | | |
  |a|b|c|d|e|

Black played: (b,3) (a,4)
00| | | |K| |
01| |R| | | |
02| | | | | |
03| | | | | |
04|k|r| | | |
  |a|b|c|d|e|

White played: (('b', 1), ('a', 1))
00| | | |K| |
01|R| | | | |
02| | | | | |
03| | | | | |
04|k|r| | | |
  |a|b|c|d|e|

Black played: (a,4) (b,3)
00| | | |K| |
01|R| | | | |
02| | | | | |
03| |k| | | |
04| |r| | | |
  |a|b|c|d|e|

White played: (('a', 1), ('b', 1))
00| | | |K| |
01| |R| | | |
02| | | | | |
03| |k| | | |
04| |r| | | |
  |a|b|c|d|e|

Black played: (b,3) (c,4)
00| | | |K| |
01| |R| | | |
02| | | | | |
03| | | | | |
04| |r|k| | |
  |a|b|c|d|e|

White played: (('b', 1), ('c', 1))
00| | | |K| |
01| | |R| | |
02| | | | | |
03| | | | | |
04| |r|k| | |
  |a|b|c|d|e|

Black played: (c,4) (d,3)
00| | | |K| |
01| | |R| | |
02| | | | | |
03| | | |k| |
04| |r| | | |
  |a|b|c|d|e|

White played: (('c', 1), ('d', 1))
00| | | |K| |
01| | | |R| |
02| | | | | |
03| | | |k| |
04| |r| | | |
  |a|b|c|d|e|

Black played: (d,3) (c,2)
00| | | |K| |
01| | | |R| |
02| | |k| | |
03| | | | | |
04| |r| | | |
  |a|b|c|d|e|

White played: (('d', 1), ('c', 1))
00| | | |K| |
01| | |R| | |
02| | |k| | |
03| | | | | |
04| |r| | | |
  |a|b|c|d|e|

Black played: (c,2) (b,2)
00| | | |K| |
01| | |R| | |
02| |k| | | |
03| | | | | |
04| |r| | | |
  |a|b|c|d|e|

White played: (('d', 0), ('c', 0))
00| | |K| | |
01| | |R| | |
02| |k| | | |
03| | | | | |
04| |r| | | |
  |a|b|c|d|e|

Black played: (b,4) (a,4)
00| | |K| | |
01| | |R| | |
02| |k| | | |
03| | | | | |
04|r| | | | |
  |a|b|c|d|e|

White played: (('c', 1), ('b', 1))
00| | |K| | |
01| |R| | | |
02| |k| | | |
03| | | | | |
04|r| | | | |
  |a|b|c|d|e|

Black played: (b,2) (a,2)
00| | |K| | |
01| |R| | | |
02|k| | | | |
03| | | | | |
04|r| | | | |
  |a|b|c|d|e|

White played: (('c', 0), ('b', 0))
00| |K| | | |
01| |R| | | |
02|k| | | | |
03| | | | | |
04|r| | | | |
  |a|b|c|d|e|

Black played: (a,4) (b,4)
00| |K| | | |
01| |R| | | |
02|k| | | | |
03| | | | | |
04| |r| | | |
  |a|b|c|d|e|

White played: (('b', 1), ('b', 4))
00| |K| | | |
01| | | | | |
02|k| | | | |
03| | | | | |
04| |R| | | |
  |a|b|c|d|e|

Black played: (a,2) (a,3)
00| |K| | | |
01| | | | | |
02| | | | | |
03|k| | | | |
04| |R| | | |
  |a|b|c|d|e|

White played: (('b', 4), ('d', 4))
00| |K| | | |
01| | | | | |
02| | | | | |
03|k| | | | |
04| | | |R| |
  |a|b|c|d|e|

Black played: (a,3) (b,3)
00| |K| | | |
01| | | | | |
02| | | | | |
03| |k| | | |
04| | | |R| |
  |a|b|c|d|e|

White played: (('d', 4), ('e', 4))
00| |K| | | |
01| | | | | |
02| | | | | |
03| |k| | | |
04| | | | |R|
  |a|b|c|d|e|

White played: (('d', 4), ('e', 4))
00| |K| | | |
01| | | | | |
02| | | | | |
03| |k| | | |
04| | | | |R|
  |a|b|c|d|e|

White played: (('d', 4), ('e', 4))
00| |K| | | |
01| | | | | |
02| | | | | |
03| |k| | | |
04| | | | |R|
  |a|b|c|d|e|

White played: (('d', 4), ('e', 4))
00| |K| | | |
01| | | | | |
02| | | | | |
03| |k| | | |
04| | | | |R|
  |a|b|c|d|e|

White played: (('d', 4), ('e', 4))
00| |K| | | |
01| | | | | |
02| | | | | |
03| |k| | | |
04| | | | |R|
  |a|b|c|d|e|

White played: (('d', 4), ('e', 4))
00| |K| | | |
01| | | | | |
02| | | | | |
03| |k| | | |
04| | | | |R|
  |a|b|c|d|e|

